::1 - - [25/Feb/2018:11:49:53 +0000] "POST /login HTTP/1.1" - - "-" "PostmanRuntime/6.4.1"
::1 - - [25/Feb/2018:11:50:59 +0000] "POST /login HTTP/1.1" 200 163 "-" "PostmanRuntime/6.4.1"
::1 - - [25/Feb/2018:11:57:14 +0000] "POST /new/user HTTP/1.1" - - "-" "PostmanRuntime/6.4.1"
::1 - - [25/Feb/2018:12:03:03 +0000] "POST /new/user HTTP/1.1" 500 1222 "-" "PostmanRuntime/6.4.1"
::1 - - [25/Feb/2018:12:05:21 +0000] "POST /new/user HTTP/1.1" 200 2 "-" "PostmanRuntime/6.4.1"
::1 - - [25/Feb/2018:12:05:53 +0000] "POST /new/user HTTP/1.1" 500 1200 "-" "PostmanRuntime/6.4.1"
::1 - - [25/Feb/2018:12:06:37 +0000] "POST /new/user HTTP/1.1" 200 2 "-" "PostmanRuntime/6.4.1"
::1 - - [25/Feb/2018:12:09:13 +0000] "POST /new/user HTTP/1.1" 400 27 "-" "PostmanRuntime/6.4.1"
::1 - - [25/Feb/2018:12:10:08 +0000] "POST /new/user HTTP/1.1" 400 27 "-" "PostmanRuntime/6.4.1"
::ffff:127.0.0.1 - - [25/Feb/2018:12:10:56 +0000] "POST /new/user HTTP/1.1" 400 27 "-" "PostmanRuntime/6.4.1"
::1 - - [25/Feb/2018:12:12:10 +0000] "POST /new/user HTTP/1.1" 200 2 "-" "PostmanRuntime/6.4.1"
::1 - - [25/Feb/2018:12:17:25 +0000] "POST /new/user HTTP/1.1" 200 27 "-" "PostmanRuntime/6.4.1"
::1 - - [25/Feb/2018:12:17:57 +0000] "POST /new/user HTTP/1.1" 200 27 "-" "PostmanRuntime/6.4.1"
::1 - - [25/Feb/2018:12:19:16 +0000] "POST /new/user HTTP/1.1" 200 27 "-" "PostmanRuntime/6.4.1"
::1 - - [25/Feb/2018:12:20:41 +0000] "POST /new/user HTTP/1.1" 200 27 "-" "PostmanRuntime/6.4.1"
::1 - - [25/Feb/2018:12:21:17 +0000] "POST /new/user HTTP/1.1" 200 127 "-" "PostmanRuntime/6.4.1"
::1 - - [25/Feb/2018:12:22:15 +0000] "POST /new/user HTTP/1.1" 200 27 "-" "PostmanRuntime/6.4.1"
::1 - - [25/Feb/2018:12:22:26 +0000] "POST /new/user HTTP/1.1" 200 59 "-" "PostmanRuntime/6.4.1"
::1 - - [25/Feb/2018:12:29:28 +0000] "POST /new/user HTTP/1.1" 200 27 "-" "PostmanRuntime/6.4.1"
::1 - - [25/Feb/2018:12:29:44 +0000] "POST /login HTTP/1.1" 200 21 "-" "PostmanRuntime/6.4.1"
::1 - - [25/Feb/2018:12:29:52 +0000] "POST /login HTTP/1.1" 401 34 "-" "PostmanRuntime/6.4.1"
::1 - - [25/Feb/2018:12:30:04 +0000] "POST /login HTTP/1.1" 401 34 "-" "PostmanRuntime/6.4.1"
::1 - - [25/Feb/2018:12:39:17 +0000] "POST /login HTTP/1.1" 401 34 "-" "PostmanRuntime/6.4.1"
::1 - - [25/Feb/2018:12:51:12 +0000] "POST /login HTTP/1.1" 200 189 "-" "PostmanRuntime/6.4.1"
